c:\users\apaar\desktop\current projects\tut-lang\debug\vc140.pdb
c:\users\apaar\desktop\current projects\tut-lang\debug\vc140.idb
c:\users\apaar\desktop\current projects\tut-lang\debug\tut_buf.obj
c:\users\apaar\desktop\current projects\tut-lang\debug\tut_token.obj
c:\users\apaar\desktop\current projects\tut-lang\debug\tut_array.obj
c:\users\apaar\desktop\current projects\tut-lang\debug\tut_compiler.obj
c:\users\apaar\desktop\current projects\tut-lang\debug\tut_expr.obj
c:\users\apaar\desktop\current projects\tut-lang\debug\tut_lexer.obj
c:\users\apaar\desktop\current projects\tut-lang\debug\tut_list.obj
c:\users\apaar\desktop\current projects\tut-lang\debug\tut_main.obj
c:\users\apaar\desktop\current projects\tut-lang\debug\tut_module.obj
c:\users\apaar\desktop\current projects\tut-lang\debug\tut_parser.obj
c:\users\apaar\desktop\current projects\tut-lang\debug\tut_symbols.obj
c:\users\apaar\desktop\current projects\tut-lang\debug\tut_typetag.obj
c:\users\apaar\desktop\current projects\tut-lang\debug\tut_util.obj
c:\users\apaar\desktop\current projects\tut-lang\debug\tut_codegen.obj
c:\users\apaar\desktop\current projects\tut-lang\debug\tut_vm.obj
c:\users\apaar\desktop\current projects\tut-lang\debug\tut_stdext.obj
c:\users\apaar\desktop\current projects\tut-lang\debug\tut-lang.ilk
c:\users\apaar\desktop\current projects\tut-lang\debug\tut-lang.exe
c:\users\apaar\desktop\current projects\tut-lang\debug\tut-lang.pdb
c:\users\apaar\desktop\current projects\tut-lang\debug\tut-lang.tlog\cl.command.1.tlog
c:\users\apaar\desktop\current projects\tut-lang\debug\tut-lang.tlog\cl.read.1.tlog
c:\users\apaar\desktop\current projects\tut-lang\debug\tut-lang.tlog\cl.write.1.tlog
c:\users\apaar\desktop\current projects\tut-lang\debug\tut-lang.tlog\link.command.1.tlog
c:\users\apaar\desktop\current projects\tut-lang\debug\tut-lang.tlog\link.read.1.tlog
c:\users\apaar\desktop\current projects\tut-lang\debug\tut-lang.tlog\link.write.1.tlog
